Determining if the pthread_create exist failed with the following output:
Change Dir: /home/tychien/mitseagrantauv/3dRecogPCL/build/CMakeFiles/CMakeTmp

Run Build Command:"/usr/bin/make" "cmTC_a63b5/fast"
/usr/bin/make -f CMakeFiles/cmTC_a63b5.dir/build.make CMakeFiles/cmTC_a63b5.dir/build
make[1]: Entering directory '/home/tychien/mitseagrantauv/3dRecogPCL/build/CMakeFiles/CMakeTmp'
Building C object CMakeFiles/cmTC_a63b5.dir/CheckSymbolExists.c.o
/usr/bin/cc    -o CMakeFiles/cmTC_a63b5.dir/CheckSymbolExists.c.o   -c /home/tychien/mitseagrantauv/3dRecogPCL/build/CMakeFiles/CMakeTmp/CheckSymbolExists.c
Linking C executable cmTC_a63b5
/usr/bin/cmake -E cmake_link_script CMakeFiles/cmTC_a63b5.dir/link.txt --verbose=1
/usr/bin/cc      -rdynamic CMakeFiles/cmTC_a63b5.dir/CheckSymbolExists.c.o  -o cmTC_a63b5 
CMakeFiles/cmTC_a63b5.dir/CheckSymbolExists.c.o: In function `main':
CheckSymbolExists.c:(.text+0x1b): undefined reference to `pthread_create'
collect2: error: ld returned 1 exit status
CMakeFiles/cmTC_a63b5.dir/build.make:97: recipe for target 'cmTC_a63b5' failed
make[1]: *** [cmTC_a63b5] Error 1
make[1]: Leaving directory '/home/tychien/mitseagrantauv/3dRecogPCL/build/CMakeFiles/CMakeTmp'
Makefile:126: recipe for target 'cmTC_a63b5/fast' failed
make: *** [cmTC_a63b5/fast] Error 2

File /home/tychien/mitseagrantauv/3dRecogPCL/build/CMakeFiles/CMakeTmp/CheckSymbolExists.c:
/* */
#include <pthread.h>

int main(int argc, char** argv)
{
  (void)argv;
#ifndef pthread_create
  return ((int*)(&pthread_create))[argc];
#else
  (void)argc;
  return 0;
#endif
}

Determining if the function pthread_create exists in the pthreads failed with the following output:
Change Dir: /home/tychien/mitseagrantauv/3dRecogPCL/build/CMakeFiles/CMakeTmp

Run Build Command:"/usr/bin/make" "cmTC_7402e/fast"
/usr/bin/make -f CMakeFiles/cmTC_7402e.dir/build.make CMakeFiles/cmTC_7402e.dir/build
make[1]: Entering directory '/home/tychien/mitseagrantauv/3dRecogPCL/build/CMakeFiles/CMakeTmp'
Building C object CMakeFiles/cmTC_7402e.dir/CheckFunctionExists.c.o
/usr/bin/cc   -DCHECK_FUNCTION_EXISTS=pthread_create   -o CMakeFiles/cmTC_7402e.dir/CheckFunctionExists.c.o   -c /usr/share/cmake-3.10/Modules/CheckFunctionExists.c
Linking C executable cmTC_7402e
/usr/bin/cmake -E cmake_link_script CMakeFiles/cmTC_7402e.dir/link.txt --verbose=1
/usr/bin/cc  -DCHECK_FUNCTION_EXISTS=pthread_create    -rdynamic CMakeFiles/cmTC_7402e.dir/CheckFunctionExists.c.o  -o cmTC_7402e -lpthreads 
/usr/bin/ld: cannot find -lpthreads
collect2: error: ld returned 1 exit status
CMakeFiles/cmTC_7402e.dir/build.make:97: recipe for target 'cmTC_7402e' failed
make[1]: *** [cmTC_7402e] Error 1
make[1]: Leaving directory '/home/tychien/mitseagrantauv/3dRecogPCL/build/CMakeFiles/CMakeTmp'
Makefile:126: recipe for target 'cmTC_7402e/fast' failed
make: *** [cmTC_7402e/fast] Error 2


